<?xml version='1.1' encoding='UTF-8'?>
<result plugin="junit@1.26.1">
  <suites>
    <suite>
      <file>/Users/ravikiranmaroju/.jenkins/workspace/selenium-jenkins-testng/target/surefire-reports/TEST-TestSuite.xml</file>
      <name>TestSuite</name>
      <duration>7.72</duration>
      <time>7.72</time>
      <enclosingBlocks/>
      <enclosingBlockNames/>
      <cases>
        <case>
          <duration>0.358</duration>
          <className>com.crm.qa.testcases.FreeCrmTest</className>
          <testName>setUp</testName>
          <skipped>false</skipped>
          <errorStackTrace>java.lang.IllegalStateException: The driver executable does not exist: /Users/naveenkhunteta/Downloads/chromedriver
	at com.google.common.base.Preconditions.checkState(Preconditions.java:585)
	at org.openqa.selenium.remote.service.DriverService.checkExecutable(DriverService.java:137)
	at org.openqa.selenium.remote.service.DriverService.findExecutable(DriverService.java:132)
	at org.openqa.selenium.chrome.ChromeDriverService.access$000(ChromeDriverService.java:35)
	at org.openqa.selenium.chrome.ChromeDriverService$Builder.findDefaultExecutable(ChromeDriverService.java:156)
	at org.openqa.selenium.remote.service.DriverService$Builder.build(DriverService.java:346)
	at org.openqa.selenium.chrome.ChromeDriverService.createDefaultService(ChromeDriverService.java:91)
	at org.openqa.selenium.chrome.ChromeDriver.&lt;init&gt;(ChromeDriver.java:123)
	at com.crm.qa.testcases.FreeCrmTest.setUp(FreeCrmTest.java:24)
</errorStackTrace>
          <errorDetails>The driver executable does not exist: /Users/naveenkhunteta/Downloads/chromedriver</errorDetails>
          <stdout>Configuring TestNG with: org.apache.maven.surefire.testng.conf.TestNG652Configurator@3caeaf62
</stdout>
          <failedSince>1</failedSince>
        </case>
        <case>
          <duration>0.358</duration>
          <className>com.crm.qa.testcases.FreeCrmTest</className>
          <testName>freeCrmTitleTest</testName>
          <skipped>true</skipped>
          <failedSince>1</failedSince>
        </case>
        <case>
          <duration>0.36</duration>
          <className>com.crm.qa.testcases.ContactsPageTest</className>
          <testName>setUp</testName>
          <skipped>false</skipped>
          <errorStackTrace>java.lang.IllegalStateException: The driver executable does not exist: /Users/naveenkhunteta/Downloads/chromedriver
	at com.google.common.base.Preconditions.checkState(Preconditions.java:585)
	at org.openqa.selenium.remote.service.DriverService.checkExecutable(DriverService.java:137)
	at org.openqa.selenium.remote.service.DriverService.findExecutable(DriverService.java:132)
	at org.openqa.selenium.chrome.ChromeDriverService.access$000(ChromeDriverService.java:35)
	at org.openqa.selenium.chrome.ChromeDriverService$Builder.findDefaultExecutable(ChromeDriverService.java:156)
	at org.openqa.selenium.remote.service.DriverService$Builder.build(DriverService.java:346)
	at org.openqa.selenium.chrome.ChromeDriverService.createDefaultService(ChromeDriverService.java:91)
	at org.openqa.selenium.chrome.ChromeDriver.&lt;init&gt;(ChromeDriver.java:123)
	at com.crm.qa.base.TestBase.initialization(TestBase.java:45)
	at com.crm.qa.testcases.ContactsPageTest.setUp(ContactsPageTest.java:47)
</errorStackTrace>
          <errorDetails>The driver executable does not exist: /Users/naveenkhunteta/Downloads/chromedriver</errorDetails>
          <failedSince>1</failedSince>
        </case>
        <case>
          <duration>0.36</duration>
          <className>com.crm.qa.testcases.ContactsPageTest</className>
          <testName>verifyContactsPageLabel</testName>
          <skipped>true</skipped>
          <failedSince>1</failedSince>
        </case>
        <case>
          <duration>0.363</duration>
          <className>com.crm.qa.testcases.HomePageTest</className>
          <testName>setUp</testName>
          <skipped>false</skipped>
          <errorStackTrace>java.lang.IllegalStateException: The driver executable does not exist: /Users/naveenkhunteta/Downloads/chromedriver
	at com.google.common.base.Preconditions.checkState(Preconditions.java:585)
	at org.openqa.selenium.remote.service.DriverService.checkExecutable(DriverService.java:137)
	at org.openqa.selenium.remote.service.DriverService.findExecutable(DriverService.java:132)
	at org.openqa.selenium.chrome.ChromeDriverService.access$000(ChromeDriverService.java:35)
	at org.openqa.selenium.chrome.ChromeDriverService$Builder.findDefaultExecutable(ChromeDriverService.java:156)
	at org.openqa.selenium.remote.service.DriverService$Builder.build(DriverService.java:346)
	at org.openqa.selenium.chrome.ChromeDriverService.createDefaultService(ChromeDriverService.java:91)
	at org.openqa.selenium.chrome.ChromeDriver.&lt;init&gt;(ChromeDriver.java:123)
	at com.crm.qa.base.TestBase.initialization(TestBase.java:45)
	at com.crm.qa.testcases.HomePageTest.setUp(HomePageTest.java:31)
</errorStackTrace>
          <errorDetails>The driver executable does not exist: /Users/naveenkhunteta/Downloads/chromedriver</errorDetails>
          <failedSince>1</failedSince>
        </case>
        <case>
          <duration>0.363</duration>
          <className>com.crm.qa.testcases.HomePageTest</className>
          <testName>verifyHomePageTitleTest</testName>
          <skipped>true</skipped>
          <failedSince>1</failedSince>
        </case>
        <case>
          <duration>0.365</duration>
          <className>com.crm.qa.testcases.LoginPageTest</className>
          <testName>setUp</testName>
          <skipped>false</skipped>
          <errorStackTrace>java.lang.IllegalStateException: The driver executable does not exist: /Users/naveenkhunteta/Downloads/chromedriver
	at com.google.common.base.Preconditions.checkState(Preconditions.java:585)
	at org.openqa.selenium.remote.service.DriverService.checkExecutable(DriverService.java:137)
	at org.openqa.selenium.remote.service.DriverService.findExecutable(DriverService.java:132)
	at org.openqa.selenium.chrome.ChromeDriverService.access$000(ChromeDriverService.java:35)
	at org.openqa.selenium.chrome.ChromeDriverService$Builder.findDefaultExecutable(ChromeDriverService.java:156)
	at org.openqa.selenium.remote.service.DriverService$Builder.build(DriverService.java:346)
	at org.openqa.selenium.chrome.ChromeDriverService.createDefaultService(ChromeDriverService.java:91)
	at org.openqa.selenium.chrome.ChromeDriver.&lt;init&gt;(ChromeDriver.java:123)
	at com.crm.qa.base.TestBase.initialization(TestBase.java:45)
	at com.crm.qa.testcases.LoginPageTest.setUp(LoginPageTest.java:22)
</errorStackTrace>
          <errorDetails>The driver executable does not exist: /Users/naveenkhunteta/Downloads/chromedriver</errorDetails>
          <failedSince>1</failedSince>
        </case>
        <case>
          <duration>0.365</duration>
          <className>com.crm.qa.testcases.LoginPageTest</className>
          <testName>loginPageTitleTest</testName>
          <skipped>true</skipped>
          <failedSince>1</failedSince>
        </case>
        <case>
          <duration>0.366</duration>
          <className>com.crm.qa.testcases.ContactsPageTest</className>
          <testName>setUp</testName>
          <skipped>true</skipped>
          <failedSince>1</failedSince>
        </case>
        <case>
          <duration>0.366</duration>
          <className>com.crm.qa.testcases.ContactsPageTest</className>
          <testName>selectSingleContactsTest</testName>
          <skipped>true</skipped>
          <failedSince>1</failedSince>
        </case>
        <case>
          <duration>0.367</duration>
          <className>com.crm.qa.testcases.HomePageTest</className>
          <testName>setUp</testName>
          <skipped>true</skipped>
          <failedSince>1</failedSince>
        </case>
        <case>
          <duration>0.367</duration>
          <className>com.crm.qa.testcases.HomePageTest</className>
          <testName>verifyUserNameTest</testName>
          <skipped>true</skipped>
          <failedSince>1</failedSince>
        </case>
        <case>
          <duration>0.368</duration>
          <className>com.crm.qa.testcases.LoginPageTest</className>
          <testName>setUp</testName>
          <skipped>true</skipped>
          <failedSince>1</failedSince>
        </case>
        <case>
          <duration>0.371</duration>
          <className>com.crm.qa.testcases.LoginPageTest</className>
          <testName>crmLogoImageTest</testName>
          <skipped>true</skipped>
          <failedSince>1</failedSince>
        </case>
        <case>
          <duration>0.371</duration>
          <className>com.crm.qa.testcases.ContactsPageTest</className>
          <testName>setUp</testName>
          <skipped>true</skipped>
          <failedSince>1</failedSince>
        </case>
        <case>
          <duration>0.371</duration>
          <className>com.crm.qa.testcases.ContactsPageTest</className>
          <testName>selectMultipleContactsTest</testName>
          <skipped>true</skipped>
          <failedSince>1</failedSince>
        </case>
        <case>
          <duration>0.371</duration>
          <className>com.crm.qa.testcases.HomePageTest</className>
          <testName>setUp</testName>
          <skipped>true</skipped>
          <failedSince>1</failedSince>
        </case>
        <case>
          <duration>0.371</duration>
          <className>com.crm.qa.testcases.HomePageTest</className>
          <testName>verifyContactsLinkTest</testName>
          <skipped>true</skipped>
          <failedSince>1</failedSince>
        </case>
        <case>
          <duration>0.371</duration>
          <className>com.crm.qa.testcases.LoginPageTest</className>
          <testName>setUp</testName>
          <skipped>true</skipped>
          <failedSince>1</failedSince>
        </case>
        <case>
          <duration>0.371</duration>
          <className>com.crm.qa.testcases.LoginPageTest</className>
          <testName>loginTest</testName>
          <skipped>true</skipped>
          <failedSince>1</failedSince>
        </case>
        <case>
          <duration>0.397</duration>
          <className>com.crm.qa.testcases.ContactsPageTest</className>
          <testName>validateCreateNewContact</testName>
          <skipped>true</skipped>
          <stderr>java.io.FileNotFoundException: /Users/naveenkhunteta/Documents/workspace/FreeCRMTest/src/main/java/com/crm/qa/testdata/FreeCrmTestData.xlsx (No such file or directory)
	at java.io.FileInputStream.open0(Native Method)
	at java.io.FileInputStream.open(FileInputStream.java:195)
	at java.io.FileInputStream.&lt;init&gt;(FileInputStream.java:138)
	at java.io.FileInputStream.&lt;init&gt;(FileInputStream.java:93)
	at com.crm.qa.util.TestUtil.getTestData(TestUtil.java:38)
	at com.crm.qa.testcases.ContactsPageTest.ge
...[truncated 5691 chars]...
eflect.Method.invoke(Method.java:498)
	at org.apache.maven.surefire.util.ReflectionUtils.invokeMethodWithArray(ReflectionUtils.java:189)
	at org.apache.maven.surefire.booter.ProviderFactory$ProviderProxy.invoke(ProviderFactory.java:165)
	at org.apache.maven.surefire.booter.ProviderFactory.invokeProvider(ProviderFactory.java:85)
	at org.apache.maven.surefire.booter.ForkedBooter.runSuitesInProcess(ForkedBooter.java:115)
	at org.apache.maven.surefire.booter.ForkedBooter.main(ForkedBooter.java:75)

</stderr>
          <failedSince>1</failedSince>
        </case>
      </cases>
    </suite>
  </suites>
  <duration>7.72</duration>
  <keepLongStdio>false</keepLongStdio>
</result>