Started by user [8mha:////4Pks1cOnvNZCAwu0I7XrBu73M8zJiJHtoMWw/njTTuR6AAAAlx+LCAAAAAAAAP9b85aBtbiIQTGjNKU4P08vOT+vOD8nVc83PyU1x6OyILUoJzMv2y+/JJUBAhiZGBgqihhk0NSjKDWzXb3RdlLBUSYGJk8GtpzUvPSSDB8G5tKinBIGIZ+sxLJE/ZzEvHT94JKizLx0a6BxUmjGOUNodHsLgAzOEgZu/dLi1CL9xJTczDwAawhpaMAAAAA=[0mravikiran
[EnvInject] - Loading node environment variables.
Building on master in workspace /Users/ravikiranmaroju/.jenkins/workspace/selenium-with-maven
Parsing POMs
ERROR: Failed to parse POMs
org.apache.maven.project.ProjectBuildingException: Some problems were encountered while processing the POMs:
[ERROR] Malformed POM /Users/ravikiranmaroju/Downloads/jenkins-mvn-build/pom.xml: Expected root element 'project' but found 'suite' (position: START_TAG seen ....0" encoding="UTF-8"?>\n<suite name="example suite 1" verbose="1" >... @2:44)  @ /Users/ravikiranmaroju/Downloads/jenkins-mvn-build/pom.xml, line 2, column 44
[FATAL] 'groupId' is missing. @ line 2, column 44
[FATAL] 'artifactId' is missing. @ line 2, column 44
[FATAL] 'version' is missing. @ line 2, column 44

	at org.apache.maven.project.DefaultProjectBuilder.build(DefaultProjectBuilder.java:364)
	at hudson.maven.MavenEmbedder.buildProjects(MavenEmbedder.java:361)
	at hudson.maven.MavenEmbedder.readProjects(MavenEmbedder.java:331)
	at hudson.maven.MavenModuleSetBuild$PomParser.invoke(MavenModuleSetBuild.java:1328)
	at hudson.maven.MavenModuleSetBuild$PomParser.invoke(MavenModuleSetBuild.java:1125)
	at hudson.FilePath.act(FilePath.java:1078)
	at hudson.FilePath.act(FilePath.java:1061)
	at hudson.maven.MavenModuleSetBuild$MavenModuleSetBuildExecution.parsePoms(MavenModuleSetBuild.java:986)
	at hudson.maven.MavenModuleSetBuild$MavenModuleSetBuildExecution.doRun(MavenModuleSetBuild.java:691)
	at hudson.model.AbstractBuild$AbstractBuildExecution.run(AbstractBuild.java:504)
	at hudson.model.Run.execute(Run.java:1810)
	at hudson.maven.MavenModuleSetBuild.run(MavenModuleSetBuild.java:543)
	at hudson.model.ResourceController.execute(ResourceController.java:97)
	at hudson.model.Executor.run(Executor.java:429)
TestNG Reports Processing: START
Looking for TestNG results report in workspace using pattern: **/testng-results.xml
Did not find any matching files.
Sending e-mails to: ravikiranmaroju@gmail.com
Finished: FAILURE
